<?xml version="1.0" encoding="UTF-8"?>
<testng-results ignored="0" total="2" passed="2" failed="0" skipped="0">
  <reporter-output>
  </reporter-output>
  <suite started-at="2022-09-28T18:27:26 IST" name="Default suite" finished-at="2022-09-28T18:28:23 IST" duration-ms="57131">
    <groups>
    </groups>
    <test started-at="2022-09-28T18:27:26 IST" name="Default test" finished-at="2022-09-28T18:28:23 IST" duration-ms="57131">
      <class name="TestngTestScriptNop.NOPLoginTest">
        <test-method is-config="true" signature="LaunchBrowser()[pri:0, instance:TestngTestScriptNop.NOPLoginTest@32eff876]" started-at="2022-09-28T18:27:26 IST" name="LaunchBrowser" finished-at="2022-09-28T18:27:31 IST" duration-ms="4869" status="PASS">
          <reporter-output>
          </reporter-output>
        </test-method> <!-- LaunchBrowser -->
        <test-method is-config="true" signature="LoginNopECommerce()[pri:0, instance:TestngTestScriptNop.NOPLoginTest@32eff876]" started-at="2022-09-28T18:27:31 IST" name="LoginNopECommerce" finished-at="2022-09-28T18:27:53 IST" duration-ms="22016" status="PASS">
          <reporter-output>
          </reporter-output>
        </test-method> <!-- LoginNopECommerce -->
        <test-method signature="CreateNewCustomer()[pri:0, instance:TestngTestScriptNop.NOPLoginTest@32eff876]" started-at="2022-09-28T18:27:53 IST" name="CreateNewCustomer" finished-at="2022-09-28T18:28:11 IST" duration-ms="18436" status="PASS">
          <reporter-output>
          </reporter-output>
        </test-method> <!-- CreateNewCustomer -->
        <test-method is-config="true" signature="LogoutNopECommerce()[pri:0, instance:TestngTestScriptNop.NOPLoginTest@32eff876]" started-at="2022-09-28T18:28:11 IST" name="LogoutNopECommerce" finished-at="2022-09-28T18:28:13 IST" duration-ms="1420" status="PASS">
          <reporter-output>
          </reporter-output>
        </test-method> <!-- LogoutNopECommerce -->
        <test-method is-config="true" signature="LoginNopECommerce()[pri:0, instance:TestngTestScriptNop.NOPLoginTest@32eff876]" started-at="2022-09-28T18:28:13 IST" name="LoginNopECommerce" finished-at="2022-09-28T18:28:16 IST" duration-ms="2827" status="PASS">
          <reporter-output>
          </reporter-output>
        </test-method> <!-- LoginNopECommerce -->
        <test-method signature="VerifyTitle()[pri:0, instance:TestngTestScriptNop.NOPLoginTest@32eff876]" started-at="2022-09-28T18:28:16 IST" name="VerifyTitle" finished-at="2022-09-28T18:28:22 IST" duration-ms="6122" status="PASS">
          <reporter-output>
          </reporter-output>
        </test-method> <!-- VerifyTitle -->
        <test-method is-config="true" signature="LogoutNopECommerce()[pri:0, instance:TestngTestScriptNop.NOPLoginTest@32eff876]" started-at="2022-09-28T18:28:22 IST" name="LogoutNopECommerce" finished-at="2022-09-28T18:28:23 IST" duration-ms="1318" status="PASS">
          <reporter-output>
          </reporter-output>
        </test-method> <!-- LogoutNopECommerce -->
        <test-method is-config="true" signature="CloseBrowser()[pri:0, instance:TestngTestScriptNop.NOPLoginTest@32eff876]" started-at="2022-09-28T18:28:23 IST" name="CloseBrowser" finished-at="2022-09-28T18:28:23 IST" duration-ms="82" status="PASS">
          <reporter-output>
          </reporter-output>
        </test-method> <!-- CloseBrowser -->
      </class> <!-- TestngTestScriptNop.NOPLoginTest -->
    </test> <!-- Default test -->
  </suite> <!-- Default suite -->
</testng-results>
